<?xml version="1.0" encoding="UTF-8"?>
<testng-results ignored="0" total="1" passed="1" failed="0" skipped="0">
  <reporter-output>
    <line>
      <![CDATA[Step 1: Login to the application]]>
    </line>
    <line>
      <![CDATA[Step 2: Navigate to Category Creation Page]]>
    </line>
    <line>
      <![CDATA[Step 3: Verifying Page Header...]]>
    </line>
    <line>
      <![CDATA[   -> [PASS] Header text verified successfully.]]>
    </line>
    <line>
      <![CDATA[Step 4: Verifying Breadcrumbs...]]>
    </line>
    <line>
      <![CDATA[   -> [PASS] Breadcrumb sequence is correct.]]>
    </line>
    <line>
      <![CDATA[Step 5: Verifying Action Icons...]]>
    </line>
    <line>
      <![CDATA[   -> [PASS] Edit Icon is visible and clickable.]]>
    </line>
    <line>
      <![CDATA[   -> [PASS] Delete Icon is visible and clickable.]]>
    </line>
  </reporter-output>
  <suite started-at="2026-02-10T16:21:13 IST" name="Default Suite" finished-at="2026-02-10T16:21:29 IST" duration-ms="16295">
    <groups>
    </groups>
    <test started-at="2026-02-10T16:21:13 IST" name="InsurEdge" finished-at="2026-02-10T16:21:29 IST" duration-ms="16295">
      <class name="tests.CategoryTest">
        <test-method is-config="true" signature="setup()[pri:0, instance:tests.CategoryTest@478190fc]" started-at="2026-02-10T16:21:13 IST" name="setup" finished-at="2026-02-10T16:21:21 IST" duration-ms="7896" status="PASS">
          <reporter-output>
          </reporter-output>
        </test-method> <!-- setup -->
        <test-method signature="verifyCategoryPageUI()[pri:0, instance:tests.CategoryTest@478190fc]" started-at="2026-02-10T16:21:21 IST" name="verifyCategoryPageUI" finished-at="2026-02-10T16:21:26 IST" duration-ms="5022" status="PASS">
          <reporter-output>
            <line>
              <![CDATA[Step 1: Login to the application]]>
            </line>
            <line>
              <![CDATA[Step 2: Navigate to Category Creation Page]]>
            </line>
            <line>
              <![CDATA[Step 3: Verifying Page Header...]]>
            </line>
            <line>
              <![CDATA[   -> [PASS] Header text verified successfully.]]>
            </line>
            <line>
              <![CDATA[Step 4: Verifying Breadcrumbs...]]>
            </line>
            <line>
              <![CDATA[   -> [PASS] Breadcrumb sequence is correct.]]>
            </line>
            <line>
              <![CDATA[Step 5: Verifying Action Icons...]]>
            </line>
            <line>
              <![CDATA[   -> [PASS] Edit Icon is visible and clickable.]]>
            </line>
            <line>
              <![CDATA[   -> [PASS] Delete Icon is visible and clickable.]]>
            </line>
          </reporter-output>
        </test-method> <!-- verifyCategoryPageUI -->
        <test-method is-config="true" signature="tearDown()[pri:0, instance:tests.CategoryTest@478190fc]" started-at="2026-02-10T16:21:26 IST" name="tearDown" finished-at="2026-02-10T16:21:29 IST" duration-ms="3289" status="PASS">
          <reporter-output>
          </reporter-output>
        </test-method> <!-- tearDown -->
      </class> <!-- tests.CategoryTest -->
    </test> <!-- InsurEdge -->
  </suite> <!-- Default Suite -->
</testng-results>
