<?xml version="1.0" encoding="UTF-8"?>
<!-- Generated by org.testng.reporters.JUnitReportReporter -->
<testsuite hostname="LTIN674862" failures="0" tests="1" name="tests.CategoryTest" time="16.207" errors="0" timestamp="2026-02-10T16:21:29 IST" skipped="0">
  <testcase classname="tests.CategoryTest" name="verifyCategoryPageUI" time="16.207">
    <system-out>
      <![CDATA[Step 1: Login to the application
Step 2: Navigate to Category Creation Page
Step 3: Verifying Page Header...
   -> [PASS] Header text verified successfully.
Step 4: Verifying Breadcrumbs...
   -> [PASS] Breadcrumb sequence is correct.
Step 5: Verifying Action Icons...
   -> [PASS] Edit Icon is visible and clickable.
   -> [PASS] Delete Icon is visible and clickable.]]>
    </system-out>
  </testcase> <!-- verifyCategoryPageUI -->
  <system-out>
    <![CDATA[Step 1: Login to the application
Step 2: Navigate to Category Creation Page
Step 3: Verifying Page Header...
   -> [PASS] Header text verified successfully.
Step 4: Verifying Breadcrumbs...
   -> [PASS] Breadcrumb sequence is correct.
Step 5: Verifying Action Icons...
   -> [PASS] Edit Icon is visible and clickable.
   -> [PASS] Delete Icon is visible and clickable.]]>
  </system-out>
</testsuite> <!-- tests.CategoryTest -->
